<?xml version="1.0" encoding="UTF-8"?>
<!-- Generated by org.testng.reporters.JUnitReportReporter -->
<testsuite skipped="0" hostname="Surajs-MacBook-Pro.local" name="Academy.AppTest" tests="1" failures="0" timestamp="2020-01-06T11:12:16 PST" time="0.015" errors="0">
  <testcase name="testApp" time="0.015" classname="Academy.AppTest"/>
</testsuite> <!-- Academy.AppTest -->
